make all --print-data-base --no-builtin-variables --no-builtin-rules --question
make: *** No rule to make target 'all'.  Stop.

# GNU Make 4.3
 
# Built for x86_64-pc-linux-gnu
 
# Copyright (C) 1988-2020 Free Software Foundation, Inc.
 
# License GPLv3+: GNU GPL version 3 or later <http://gnu.org/licenses/gpl.html>
 
# This is free software: you are free to change and redistribute it.
 
# There is NO WARRANTY, to the extent permitted by law.
 

 
# Make data base, printed on Sun May  8 01:42:33 2022
 

# Variables
 

 
# environment
 
GDK_BACKEND = x11
 
# environment
 
LC_ALL = C
 
# environment
 
NO_AT_BRIDGE = 1
 
# environment
 
I3SOCK = /run/user/1000/i3/ipc-socket.1016
 
# environment
 
VSCODE_IPC_HOOK_EXTHOST = /run/user/1000/vscode-ipc-25f77bb3-77bb-455c-822f-11a6abfad557.sock
 
# environment
 
LC_NAME = en_US.UTF-8
 
# environment
 
LC_NUMERIC = en_US.UTF-8
 
# environment
 
VSCODE_CWD = /home/ouranos
 
# environment
 
LC_ADDRESS = en_US.UTF-8
 
# default
 
MAKE_COMMAND := make
 
# automatic
@D = $(patsubst %/,%,$(dir $@))
# environment
VSCODE_HANDLES_UNCAUGHT_ERRORS = true
# default
.VARIABLES := 
# environment
PWD = /home/ouranos/Desktop/Projects/brainfuck
# automatic
%D = $(patsubst %/,%,$(dir $%))
# environment
MAIL = /var/spool/mail/ouranos
# environment
XDG_DATA_DIRS = /usr/local/share:/usr/share:/var/lib/snapd/desktop
# automatic
^D = $(patsubst %/,%,$(dir $^))
# environment
VSCODE_LOG_STACK = false
# automatic
%F = $(notdir $%)
# environment
VSCODE_CODE_CACHE_PATH = /home/ouranos/.config/VSCodium/CachedData/f80445acd5a3dadef24aa209168452a3d97cc326
# environment
XDG_SESSION_PATH = /org/freedesktop/DisplayManager/Session0
# environment
LANG = C
# environment
XAUTHORITY = /home/ouranos/.Xauthority
# default
.LOADED := 
# default
.INCLUDE_DIRS = /usr/include /usr/local/include /usr/include
# makefile
MAKEFLAGS = pqrR
# makefile
CURDIR := /home/ouranos/Desktop/Projects/brainfuck
# environment
VSCODE_PIPE_LOGGING = true
# environment
APPLICATION_INSIGHTS_NO_DIAGNOSTIC_CHANNEL = true
# automatic
*D = $(patsubst %/,%,$(dir $*))
# environment
MFLAGS = -pqrR
# default
.SHELLFLAGS := -c
# automatic
+D = $(patsubst %/,%,$(dir $+))
# environment
XDG_SESSION_DESKTOP = i3
# environment
VSCODE_CRASH_REPORTER_START_OPTIONS = {"companyName":"Microsoft","productName":"VSCodium","submitURL":"","uploadToServer":false}
# makefile (from 'makefile', line 1)
MAKEFILE_LIST := makefile
# automatic
@F = $(notdir $@)
# environment
VSCODE_VERBOSE_LOGGING = true
# environment
VSCODE_PID = 30644
# environment
XDG_SESSION_TYPE = x11
# automatic
?D = $(patsubst %/,%,$(dir $?))
# makefile (from 'makefile', line 1)
CNAME = bf 
# automatic
*F = $(notdir $*)
# environment
QT_QPA_PLATFORMTHEME = qt5ct
# environment
CHROME_DESKTOP = codium-url-handler.desktop
# environment
DBUS_SESSION_BUS_ADDRESS = unix:path=/run/user/1000/bus
# automatic
<D = $(patsubst %/,%,$(dir $<))
# environment
VSCODE_NLS_CONFIG = {"locale":"en-us","availableLanguages":{},"_languagePackSupport":true}
# environment
BREAKPAD_DUMP_LOCATION = /home/ouranos/.config/VSCodium/exthost Crash Reports
# default
MAKE_HOST := x86_64-pc-linux-gnu
# makefile
SHELL = /bin/sh
# default
MAKECMDGOALS := all
# environment
SHLVL = 2
# environment
MAKELEVEL := 0
# default
MAKE = $(MAKE_COMMAND)
# environment
PATH = /home/ouranos/.local/bin:/usr/local/bin:/usr/bin:/bin:/usr/local/sbin:/usr/lib/jvm/default/bin:/usr/bin/site_perl:/usr/bin/vendor_perl:/usr/bin/core_perl:/var/lib/snapd/snap/bin
# default
MAKEFILES := 
# environment
LC_MONETARY = en_US.UTF-8
# environment
MOTD_SHOWN = pam
# automatic
^F = $(notdir $^)
# environment
LC_TIME = en_US.UTF-8
# environment
VSCODE_LOG_NATIVE = false
# environment
LC_TELEPHONE = en_US.UTF-8
# automatic
?F = $(notdir $?)
# environment
XDG_SEAT = seat0
# environment
XDG_CURRENT_DESKTOP = i3
# automatic
+F = $(notdir $+)
# environment
XDG_SEAT_PATH = /org/freedesktop/DisplayManager/Seat0
# environment
DESKTOP_SESSION = i3
# environment
ORIGINAL_XDG_CURRENT_DESKTOP = i3
# 'override' directive
GNUMAKEFLAGS := 
# environment
BROWSER = /usr/bin/vivaldi-stable
# environment
LOGNAME = ouranos
# environment
XDG_VTNR = 7
# makefile
.DEFAULT_GOAL := bf
# environment
EDITOR = /usr/bin/nvim
# environment
DISPLAY = :0
# environment
GTK_MODULES = canberra-gtk-module
# environment
USER = ouranos
# default
MAKE_VERSION := 4.3
# environment
LC_MEASUREMENT = en_US.UTF-8
# environment
_ = /usr/bin/make
# environment
LC_PAPER = en_US.UTF-8
# environment
XDG_RUNTIME_DIR = /run/user/1000
# makefile (from 'makefile', line 3)
CFLAGS = -Wall -Wextra -Werror 
# environment
XDG_SESSION_CLASS = user
# environment
VSCODE_AMD_ENTRYPOINT = vs/workbench/services/extensions/node/extensionHostProcess
# environment
GTK2_RC_FILES = /home/ouranos/.gtkrc-2.0
# environment
HOME = /home/ouranos
# environment
ELECTRON_RUN_AS_NODE = 1
# environment
VSCODE_IPC_HOOK = /run/user/1000/vscode-8ade9a2f-1.64.2-main.sock
# environment
XDG_SESSION_ID = 2
# default
.RECIPEPREFIX := 
# automatic
<F = $(notdir $<)
# default
SUFFIXES := 
# environment
VSCODE_CLI = 1
# environment
ELECTRON_NO_ATTACH_CONSOLE = 1
# environment
XDG_GREETER_DATA_DIR = /var/lib/lightdm-data/ouranos
# default
.FEATURES := target-specific order-only second-expansion else-if shortest-stem undefine oneshell nocomment grouped-target extra-prereqs archives jobserver output-sync check-symlink guile load
# makefile (from 'makefile', line 2)
CC = gcc
# environment
GDMSESSION = i3
# environment
LC_IDENTIFICATION = en_US.UTF-8
# variable set hash-table stats:
# Load=103/1024=10%, Rehash=0, Collisions=6/134=4%

# Pattern-specific Variable Values

# No pattern-specific variable values.

# Directories

# src (device 2050, inode 17050459): 5 files, no impossibilities.
# . (device 2050, inode 17050456): 12 files, no impossibilities.

# 17 files, no impossibilities in 2 directories.

# Implicit Rules

# No implicit rules.

# Files

# Not a target:
src/readfile.c:
#  Implicit rule search has not been done.
#  Modification time never checked.
#  File has not been updated.

# Not a target:
src/interpreter.c:
#  Implicit rule search has not been done.
#  Modification time never checked.
#  File has not been updated.

clean:
#  Implicit rule search has not been done.
#  Modification time never checked.
#  File has not been updated.
#  recipe to execute (from 'makefile', line 11):
	rm obj/*

# Not a target:
src/main.c:
#  Implicit rule search has not been done.
#  Modification time never checked.
#  File has not been updated.

re: clean all
#  Implicit rule search has not been done.
#  Modification time never checked.
#  File has not been updated.

# Not a target:
.DEFAULT:
#  Implicit rule search has not been done.
#  Modification time never checked.
#  File has not been updated.

# Not a target:
all:
#  Command line target.
#  Implicit rule search has been done.
#  File does not exist.
#  File has not been updated.

fclean: clean
#  Implicit rule search has not been done.
#  Modification time never checked.
#  File has not been updated.
#  recipe to execute (from 'makefile', line 17):
	rm $(CNAME)

test:
#  Implicit rule search has not been done.
#  Modification time never checked.
#  File has not been updated.
#  recipe to execute (from 'makefile', line 14):
	python2 test.py

bf: src/interpreter.c src/main.c src/readfile.c
#  Implicit rule search has not been done.
#  Modification time never checked.
#  File has not been updated.
#  recipe to execute (from 'makefile', line 6):
	cd obj/ ; $(CC) -c ../src/* $(CFLAGS)	
	cd ..
	$(CC) obj/* -o $(CNAME) 

# Not a target:
makefile:
#  Implicit rule search has been done.
#  Last modified 2022-05-06 01:13:51.639562601
#  File has been updated.
 
#  Successfully updated.

# files hash-table stats:
# Load=12/1024=1%, Rehash=0, Collisions=0/28=0%
# VPATH Search Paths

# No 'vpath' search paths.

# No general ('VPATH' variable) search path.

# strcache buffers: 1 (0) / strings = 27 / storage = 226 B / avg = 8 B
# current buf: size = 8162 B / used = 226 B / count = 27 / avg = 8 B

# strcache performance: lookups = 43 / hit rate = 37%
# hash-table stats:
# Load=27/8192=0%, Rehash=0, Collisions=0/43=0%
# Finished Make data base on Sun May  8 01:42:33 2022

 
